2026-02-16 18:10:45,763+0000 INFO  [quartz-12-thread-4]  *TASK org.sonatype.nexus.repository.content.tasks.CreateComponentIndexTask - Task information:
2026-02-16 18:10:45,771+0000 INFO  [quartz-12-thread-4]  *TASK org.sonatype.nexus.repository.content.tasks.CreateComponentIndexTask -  ID: 8d41fd35-a665-48ff-87ed-1faccc0480df
2026-02-16 18:10:45,771+0000 INFO  [quartz-12-thread-4]  *TASK org.sonatype.nexus.repository.content.tasks.CreateComponentIndexTask -  Type: create.component.index.task
2026-02-16 18:10:45,772+0000 INFO  [quartz-12-thread-4]  *TASK org.sonatype.nexus.repository.content.tasks.CreateComponentIndexTask -  Name: Repair - Recreate component indexes for performance
2026-02-16 18:10:45,773+0000 INFO  [quartz-12-thread-4]  *TASK org.sonatype.nexus.repository.content.tasks.CreateComponentIndexTask -  Description: Create new indexes for querying the various format component tables by full coordinates
2026-02-16 18:10:45,773+0000 INFO  [quartz-12-thread-4]  *TASK org.sonatype.nexus.repository.content.tasks.CreateComponentIndexTask - Task configuration: {.updated=2026-02-16T18:10:45.730Z, .name=Repair - Recreate component indexes for performance, .recoverable=false, .message=Create new indexes for querying the various format component tables by full coordinates, .id=8d41fd35-a665-48ff-87ed-1faccc0480df, .typeName=Repair - Recreate component indexes for performance, .visible=false, .typeId=create.component.index.task, .exposed=false, .created=2026-02-16T18:10:45.730Z}
2026-02-16 18:10:45,777+0000 INFO  [quartz-12-thread-4]  *TASK org.sonatype.nexus.repository.content.tasks.CreateComponentIndexService - Recreating component coordinate index for format: apt.  0% done
2026-02-16 18:10:45,781+0000 INFO  [quartz-12-thread-4]  *TASK org.sonatype.nexus.repository.content.tasks.CreateComponentIndexService - Recreating component coordinate index for format: maven2.  5% done
2026-02-16 18:10:45,783+0000 INFO  [quartz-12-thread-4]  *TASK org.sonatype.nexus.repository.content.tasks.CreateComponentIndexService - Recreating component coordinate index for format: raw.  9% done
2026-02-16 18:10:45,784+0000 INFO  [quartz-12-thread-4]  *TASK org.sonatype.nexus.repository.content.tasks.CreateComponentIndexService - Recreating component coordinate index for format: docker.  14% done
2026-02-16 18:10:45,786+0000 INFO  [quartz-12-thread-4]  *TASK org.sonatype.nexus.repository.content.tasks.CreateComponentIndexService - Recreating component coordinate index for format: gitlfs.  18% done
2026-02-16 18:10:45,787+0000 INFO  [quartz-12-thread-4]  *TASK org.sonatype.nexus.repository.content.tasks.CreateComponentIndexService - Recreating component coordinate index for format: rubygems.  23% done
2026-02-16 18:10:45,788+0000 INFO  [quartz-12-thread-4]  *TASK org.sonatype.nexus.repository.content.tasks.CreateComponentIndexService - Recreating component coordinate index for format: yum.  27% done
2026-02-16 18:10:45,790+0000 INFO  [quartz-12-thread-4]  *TASK org.sonatype.nexus.repository.content.tasks.CreateComponentIndexService - Recreating component coordinate index for format: cargo.  32% done
2026-02-16 18:10:45,791+0000 INFO  [quartz-12-thread-4]  *TASK org.sonatype.nexus.repository.content.tasks.CreateComponentIndexService - Recreating component coordinate index for format: cocoapods.  36% done
2026-02-16 18:10:45,792+0000 INFO  [quartz-12-thread-4]  *TASK org.sonatype.nexus.repository.content.tasks.CreateComponentIndexService - Recreating component coordinate index for format: composer.  41% done
2026-02-16 18:10:45,793+0000 INFO  [quartz-12-thread-4]  *TASK org.sonatype.nexus.repository.content.tasks.CreateComponentIndexService - Recreating component coordinate index for format: conan.  45% done
2026-02-16 18:10:45,795+0000 INFO  [quartz-12-thread-4]  *TASK org.sonatype.nexus.repository.content.tasks.CreateComponentIndexService - Recreating component coordinate index for format: conda.  50% done
2026-02-16 18:10:45,796+0000 INFO  [quartz-12-thread-4]  *TASK org.sonatype.nexus.repository.content.tasks.CreateComponentIndexService - Recreating component coordinate index for format: go.  55% done
2026-02-16 18:10:45,797+0000 INFO  [quartz-12-thread-4]  *TASK org.sonatype.nexus.repository.content.tasks.CreateComponentIndexService - Recreating component coordinate index for format: helm.  59% done
2026-02-16 18:10:45,799+0000 INFO  [quartz-12-thread-4]  *TASK org.sonatype.nexus.repository.content.tasks.CreateComponentIndexService - Recreating component coordinate index for format: huggingface.  64% done
2026-02-16 18:10:45,800+0000 INFO  [quartz-12-thread-4]  *TASK org.sonatype.nexus.repository.content.tasks.CreateComponentIndexService - Recreating component coordinate index for format: npm.  68% done
2026-02-16 18:10:45,801+0000 INFO  [quartz-12-thread-4]  *TASK org.sonatype.nexus.repository.content.tasks.CreateComponentIndexService - Recreating component coordinate index for format: nuget.  73% done
2026-02-16 18:10:45,802+0000 INFO  [quartz-12-thread-4]  *TASK org.sonatype.nexus.repository.content.tasks.CreateComponentIndexService - Recreating component coordinate index for format: p2.  77% done
2026-02-16 18:10:45,802+0000 INFO  [quartz-12-thread-4]  *TASK org.sonatype.nexus.repository.content.tasks.CreateComponentIndexService - Recreating component coordinate index for format: pypi.  82% done
2026-02-16 18:10:45,803+0000 INFO  [quartz-12-thread-4]  *TASK org.sonatype.nexus.repository.content.tasks.CreateComponentIndexService - Recreating component coordinate index for format: r.  86% done
2026-02-16 18:10:45,804+0000 INFO  [quartz-12-thread-4]  *TASK org.sonatype.nexus.repository.content.tasks.CreateComponentIndexService - Recreating component coordinate index for format: swift.  91% done
2026-02-16 18:10:45,804+0000 INFO  [quartz-12-thread-4]  *TASK org.sonatype.nexus.repository.content.tasks.CreateComponentIndexService - Recreating component coordinate index for format: terraform.  95% done
2026-02-16 18:10:45,805+0000 INFO  [quartz-12-thread-4]  *TASK org.sonatype.nexus.repository.content.tasks.CreateComponentIndexService - Recreating component coordinate index for all formats.  100% done
2026-02-16 18:10:45,806+0000 INFO  [quartz-12-thread-4]  *TASK org.sonatype.nexus.repository.content.tasks.CreateComponentIndexTask - Task complete
