2026-02-16 19:14:47,023+0000 INFO  [quartz-12-thread-1]  *TASK org.sonatype.nexus.repository.internal.search.index.task.SearchUpdateTask - Task information:
2026-02-16 19:14:47,039+0000 INFO  [quartz-12-thread-1]  *TASK org.sonatype.nexus.repository.internal.search.index.task.SearchUpdateTask -  ID: 082e42d7-6a87-488d-baf6-f985f0c99991
2026-02-16 19:14:47,040+0000 INFO  [quartz-12-thread-1]  *TASK org.sonatype.nexus.repository.internal.search.index.task.SearchUpdateTask -  Type: repository.search.update
2026-02-16 19:14:47,042+0000 INFO  [quartz-12-thread-1]  *TASK org.sonatype.nexus.repository.internal.search.index.task.SearchUpdateTask -  Name: Update repository indexes - (maven-snapshots,maven-central,maven-releases,nuget.org-proxy,nuget-hosted,lab5-private-hub)
2026-02-16 19:14:47,044+0000 INFO  [quartz-12-thread-1]  *TASK org.sonatype.nexus.repository.internal.search.index.task.SearchUpdateTask -  Description: Updating search indexes of maven-snapshots,maven-central,maven-releases,nuget.org-proxy,nuget-hosted,lab5-private-hub
2026-02-16 19:14:47,045+0000 INFO  [quartz-12-thread-1]  *TASK org.sonatype.nexus.repository.internal.search.index.task.SearchUpdateTask - Task configuration: {.updated=2026-02-16T19:14:46.668Z, .name=Update repository indexes - (maven-snapshots,maven-central,maven-releases,nuget.org-proxy,nuget-hosted,lab5-private-hub), .recoverable=false, repositoryNames=maven-snapshots,maven-central,maven-releases,nuget.org-proxy,nuget-hosted,lab5-private-hub, .message=Updating search indexes of maven-snapshots,maven-central,maven-releases,nuget.org-proxy,nuget-hosted,lab5-private-hub, .id=082e42d7-6a87-488d-baf6-f985f0c99991, .typeName=Update repository search indexes, .visible=false, .typeId=repository.search.update, .exposed=false, .created=2026-02-16T19:14:46.668Z}
2026-02-16 19:14:47,060+0000 INFO  [quartz-12-thread-1]  *TASK org.sonatype.nexus.repository.internal.search.index.task.SearchUpdateTask - Updating search index for repo maven-snapshots
2026-02-16 19:14:47,062+0000 INFO  [quartz-12-thread-1]  *TASK org.sonatype.nexus.repository.search.sql.index.SqlSearchFacetImpl - Starting regenerate the search data for the maven2 repository: maven-snapshots
2026-02-16 19:14:47,064+0000 INFO  [quartz-12-thread-1]  *TASK org.sonatype.nexus.repository.search.sql.index.SqlSearchFacetImpl - Processing the maven2 repository: maven-snapshots
2026-02-16 19:14:47,085+0000 INFO  [quartz-12-thread-1]  *TASK org.sonatype.nexus.repository.search.sql.index.SqlSearchFacetImpl - Finish regenerating the search data for the maven2 repository: maven-snapshots
2026-02-16 19:14:47,095+0000 INFO  [quartz-12-thread-1]  *TASK org.sonatype.nexus.repository.internal.search.index.task.SearchUpdateTask - Completed update of search index for repo maven-snapshots
2026-02-16 19:14:47,096+0000 INFO  [quartz-12-thread-1]  *TASK org.sonatype.nexus.repository.internal.search.index.task.SearchUpdateTask - Updating search index for repo maven-central
2026-02-16 19:14:47,097+0000 INFO  [quartz-12-thread-1]  *TASK org.sonatype.nexus.repository.search.sql.index.SqlSearchFacetImpl - Starting regenerate the search data for the maven2 repository: maven-central
2026-02-16 19:14:47,099+0000 INFO  [quartz-12-thread-1]  *TASK org.sonatype.nexus.repository.search.sql.index.SqlSearchFacetImpl - Processing the maven2 repository: maven-central
2026-02-16 19:14:47,102+0000 INFO  [quartz-12-thread-1]  *TASK org.sonatype.nexus.repository.search.sql.index.SqlSearchFacetImpl - Finish regenerating the search data for the maven2 repository: maven-central
2026-02-16 19:14:47,105+0000 INFO  [quartz-12-thread-1]  *TASK org.sonatype.nexus.repository.internal.search.index.task.SearchUpdateTask - Completed update of search index for repo maven-central
2026-02-16 19:14:47,106+0000 INFO  [quartz-12-thread-1]  *TASK org.sonatype.nexus.repository.internal.search.index.task.SearchUpdateTask - Updating search index for repo maven-releases
2026-02-16 19:14:47,107+0000 INFO  [quartz-12-thread-1]  *TASK org.sonatype.nexus.repository.search.sql.index.SqlSearchFacetImpl - Starting regenerate the search data for the maven2 repository: maven-releases
2026-02-16 19:14:47,109+0000 INFO  [quartz-12-thread-1]  *TASK org.sonatype.nexus.repository.search.sql.index.SqlSearchFacetImpl - Processing the maven2 repository: maven-releases
2026-02-16 19:14:47,112+0000 INFO  [quartz-12-thread-1]  *TASK org.sonatype.nexus.repository.search.sql.index.SqlSearchFacetImpl - Finish regenerating the search data for the maven2 repository: maven-releases
2026-02-16 19:14:47,116+0000 INFO  [quartz-12-thread-1]  *TASK org.sonatype.nexus.repository.internal.search.index.task.SearchUpdateTask - Completed update of search index for repo maven-releases
2026-02-16 19:14:47,117+0000 INFO  [quartz-12-thread-1]  *TASK org.sonatype.nexus.repository.internal.search.index.task.SearchUpdateTask - Updating search index for repo nuget.org-proxy
2026-02-16 19:14:47,119+0000 INFO  [quartz-12-thread-1]  *TASK org.sonatype.nexus.repository.search.sql.index.SqlSearchFacetImpl - Starting regenerate the search data for the nuget repository: nuget.org-proxy
2026-02-16 19:14:47,121+0000 INFO  [quartz-12-thread-1]  *TASK org.sonatype.nexus.repository.search.sql.index.SqlSearchFacetImpl - Processing the nuget repository: nuget.org-proxy
2026-02-16 19:14:47,127+0000 INFO  [quartz-12-thread-1]  *TASK org.sonatype.nexus.repository.search.sql.index.SqlSearchFacetImpl - Finish regenerating the search data for the nuget repository: nuget.org-proxy
2026-02-16 19:14:47,137+0000 INFO  [quartz-12-thread-1]  *TASK org.sonatype.nexus.repository.internal.search.index.task.SearchUpdateTask - Completed update of search index for repo nuget.org-proxy
2026-02-16 19:14:47,140+0000 INFO  [quartz-12-thread-1]  *TASK org.sonatype.nexus.repository.internal.search.index.task.SearchUpdateTask - Updating search index for repo nuget-hosted
2026-02-16 19:14:47,144+0000 INFO  [quartz-12-thread-1]  *TASK org.sonatype.nexus.repository.search.sql.index.SqlSearchFacetImpl - Starting regenerate the search data for the nuget repository: nuget-hosted
2026-02-16 19:14:47,146+0000 INFO  [quartz-12-thread-1]  *TASK org.sonatype.nexus.repository.search.sql.index.SqlSearchFacetImpl - Processing the nuget repository: nuget-hosted
2026-02-16 19:14:47,150+0000 INFO  [quartz-12-thread-1]  *TASK org.sonatype.nexus.repository.search.sql.index.SqlSearchFacetImpl - Finish regenerating the search data for the nuget repository: nuget-hosted
2026-02-16 19:14:47,154+0000 INFO  [quartz-12-thread-1]  *TASK org.sonatype.nexus.repository.internal.search.index.task.SearchUpdateTask - Completed update of search index for repo nuget-hosted
2026-02-16 19:14:47,156+0000 INFO  [quartz-12-thread-1]  *TASK org.sonatype.nexus.repository.internal.search.index.task.SearchUpdateTask - Updating search index for repo lab5-private-hub
2026-02-16 19:14:47,157+0000 INFO  [quartz-12-thread-1]  *TASK org.sonatype.nexus.repository.search.sql.index.SqlSearchFacetImpl - Starting regenerate the search data for the docker repository: lab5-private-hub
2026-02-16 19:14:47,159+0000 INFO  [quartz-12-thread-1]  *TASK org.sonatype.nexus.repository.search.sql.index.SqlSearchFacetImpl - Processing the docker repository: lab5-private-hub
2026-02-16 19:14:47,166+0000 INFO  [quartz-12-thread-1]  *TASK org.sonatype.nexus.repository.search.sql.index.SqlSearchFacetImpl - Finish regenerating the search data for the docker repository: lab5-private-hub
2026-02-16 19:14:47,170+0000 INFO  [quartz-12-thread-1]  *TASK org.sonatype.nexus.repository.internal.search.index.task.SearchUpdateTask - Completed update of search index for repo lab5-private-hub
2026-02-16 19:14:47,171+0000 INFO  [quartz-12-thread-1]  *TASK org.sonatype.nexus.repository.internal.search.index.task.SearchUpdateTask - Task complete
