2026-02-16 19:27:45,658+0000 INFO  [quartz-12-thread-1]  *TASK org.sonatype.nexus.repository.internal.search.index.task.SearchUpdateTask - Task information:
2026-02-16 19:27:45,676+0000 INFO  [quartz-12-thread-1]  *TASK org.sonatype.nexus.repository.internal.search.index.task.SearchUpdateTask -  ID: 461be006-f669-4837-a0b6-e87f8cc81b19
2026-02-16 19:27:45,677+0000 INFO  [quartz-12-thread-1]  *TASK org.sonatype.nexus.repository.internal.search.index.task.SearchUpdateTask -  Type: repository.search.update
2026-02-16 19:27:45,678+0000 INFO  [quartz-12-thread-1]  *TASK org.sonatype.nexus.repository.internal.search.index.task.SearchUpdateTask -  Name: Update repository indexes - (maven-snapshots,maven-central,maven-releases,nuget.org-proxy,nuget-hosted,lab5-private-hub)
2026-02-16 19:27:45,680+0000 INFO  [quartz-12-thread-1]  *TASK org.sonatype.nexus.repository.internal.search.index.task.SearchUpdateTask -  Description: Updating search indexes of maven-snapshots,maven-central,maven-releases,nuget.org-proxy,nuget-hosted,lab5-private-hub
2026-02-16 19:27:45,681+0000 INFO  [quartz-12-thread-1]  *TASK org.sonatype.nexus.repository.internal.search.index.task.SearchUpdateTask - Task configuration: {.updated=2026-02-16T19:27:45.337Z, .name=Update repository indexes - (maven-snapshots,maven-central,maven-releases,nuget.org-proxy,nuget-hosted,lab5-private-hub), .recoverable=false, repositoryNames=maven-snapshots,maven-central,maven-releases,nuget.org-proxy,nuget-hosted,lab5-private-hub, .message=Updating search indexes of maven-snapshots,maven-central,maven-releases,nuget.org-proxy,nuget-hosted,lab5-private-hub, .id=461be006-f669-4837-a0b6-e87f8cc81b19, .typeName=Update repository search indexes, .visible=false, .typeId=repository.search.update, .exposed=false, .created=2026-02-16T19:27:45.337Z}
2026-02-16 19:27:45,695+0000 INFO  [quartz-12-thread-1]  *TASK org.sonatype.nexus.repository.internal.search.index.task.SearchUpdateTask - Updating search index for repo maven-snapshots
2026-02-16 19:27:45,696+0000 INFO  [quartz-12-thread-1]  *TASK org.sonatype.nexus.repository.search.sql.index.SqlSearchFacetImpl - Starting regenerate the search data for the maven2 repository: maven-snapshots
2026-02-16 19:27:45,697+0000 INFO  [quartz-12-thread-1]  *TASK org.sonatype.nexus.repository.search.sql.index.SqlSearchFacetImpl - Processing the maven2 repository: maven-snapshots
2026-02-16 19:27:45,720+0000 INFO  [quartz-12-thread-1]  *TASK org.sonatype.nexus.repository.search.sql.index.SqlSearchFacetImpl - Finish regenerating the search data for the maven2 repository: maven-snapshots
2026-02-16 19:27:45,731+0000 INFO  [quartz-12-thread-1]  *TASK org.sonatype.nexus.repository.internal.search.index.task.SearchUpdateTask - Completed update of search index for repo maven-snapshots
2026-02-16 19:27:45,733+0000 INFO  [quartz-12-thread-1]  *TASK org.sonatype.nexus.repository.internal.search.index.task.SearchUpdateTask - Updating search index for repo maven-central
2026-02-16 19:27:45,736+0000 INFO  [quartz-12-thread-1]  *TASK org.sonatype.nexus.repository.search.sql.index.SqlSearchFacetImpl - Starting regenerate the search data for the maven2 repository: maven-central
2026-02-16 19:27:45,737+0000 INFO  [quartz-12-thread-1]  *TASK org.sonatype.nexus.repository.search.sql.index.SqlSearchFacetImpl - Processing the maven2 repository: maven-central
2026-02-16 19:27:45,739+0000 INFO  [quartz-12-thread-1]  *TASK org.sonatype.nexus.repository.search.sql.index.SqlSearchFacetImpl - Finish regenerating the search data for the maven2 repository: maven-central
2026-02-16 19:27:45,743+0000 INFO  [quartz-12-thread-1]  *TASK org.sonatype.nexus.repository.internal.search.index.task.SearchUpdateTask - Completed update of search index for repo maven-central
2026-02-16 19:27:45,747+0000 INFO  [quartz-12-thread-1]  *TASK org.sonatype.nexus.repository.internal.search.index.task.SearchUpdateTask - Updating search index for repo maven-releases
2026-02-16 19:27:45,748+0000 INFO  [quartz-12-thread-1]  *TASK org.sonatype.nexus.repository.search.sql.index.SqlSearchFacetImpl - Starting regenerate the search data for the maven2 repository: maven-releases
2026-02-16 19:27:45,749+0000 INFO  [quartz-12-thread-1]  *TASK org.sonatype.nexus.repository.search.sql.index.SqlSearchFacetImpl - Processing the maven2 repository: maven-releases
2026-02-16 19:27:45,751+0000 INFO  [quartz-12-thread-1]  *TASK org.sonatype.nexus.repository.search.sql.index.SqlSearchFacetImpl - Finish regenerating the search data for the maven2 repository: maven-releases
2026-02-16 19:27:45,755+0000 INFO  [quartz-12-thread-1]  *TASK org.sonatype.nexus.repository.internal.search.index.task.SearchUpdateTask - Completed update of search index for repo maven-releases
2026-02-16 19:27:45,756+0000 INFO  [quartz-12-thread-1]  *TASK org.sonatype.nexus.repository.internal.search.index.task.SearchUpdateTask - Updating search index for repo nuget.org-proxy
2026-02-16 19:27:45,757+0000 INFO  [quartz-12-thread-1]  *TASK org.sonatype.nexus.repository.search.sql.index.SqlSearchFacetImpl - Starting regenerate the search data for the nuget repository: nuget.org-proxy
2026-02-16 19:27:45,758+0000 INFO  [quartz-12-thread-1]  *TASK org.sonatype.nexus.repository.search.sql.index.SqlSearchFacetImpl - Processing the nuget repository: nuget.org-proxy
2026-02-16 19:27:45,761+0000 INFO  [quartz-12-thread-1]  *TASK org.sonatype.nexus.repository.search.sql.index.SqlSearchFacetImpl - Finish regenerating the search data for the nuget repository: nuget.org-proxy
2026-02-16 19:27:45,767+0000 INFO  [quartz-12-thread-1]  *TASK org.sonatype.nexus.repository.internal.search.index.task.SearchUpdateTask - Completed update of search index for repo nuget.org-proxy
2026-02-16 19:27:45,768+0000 INFO  [quartz-12-thread-1]  *TASK org.sonatype.nexus.repository.internal.search.index.task.SearchUpdateTask - Updating search index for repo nuget-hosted
2026-02-16 19:27:45,770+0000 INFO  [quartz-12-thread-1]  *TASK org.sonatype.nexus.repository.search.sql.index.SqlSearchFacetImpl - Starting regenerate the search data for the nuget repository: nuget-hosted
2026-02-16 19:27:45,770+0000 INFO  [quartz-12-thread-1]  *TASK org.sonatype.nexus.repository.search.sql.index.SqlSearchFacetImpl - Processing the nuget repository: nuget-hosted
2026-02-16 19:27:45,775+0000 INFO  [quartz-12-thread-1]  *TASK org.sonatype.nexus.repository.search.sql.index.SqlSearchFacetImpl - Finish regenerating the search data for the nuget repository: nuget-hosted
2026-02-16 19:27:45,780+0000 INFO  [quartz-12-thread-1]  *TASK org.sonatype.nexus.repository.internal.search.index.task.SearchUpdateTask - Completed update of search index for repo nuget-hosted
2026-02-16 19:27:45,781+0000 INFO  [quartz-12-thread-1]  *TASK org.sonatype.nexus.repository.internal.search.index.task.SearchUpdateTask - Updating search index for repo lab5-private-hub
2026-02-16 19:27:45,782+0000 INFO  [quartz-12-thread-1]  *TASK org.sonatype.nexus.repository.search.sql.index.SqlSearchFacetImpl - Starting regenerate the search data for the docker repository: lab5-private-hub
2026-02-16 19:27:45,783+0000 INFO  [quartz-12-thread-1]  *TASK org.sonatype.nexus.repository.search.sql.index.SqlSearchFacetImpl - Processing the docker repository: lab5-private-hub
2026-02-16 19:27:45,786+0000 INFO  [quartz-12-thread-1]  *TASK org.sonatype.nexus.repository.search.sql.index.SqlSearchFacetImpl - Finish regenerating the search data for the docker repository: lab5-private-hub
2026-02-16 19:27:45,788+0000 INFO  [quartz-12-thread-1]  *TASK org.sonatype.nexus.repository.internal.search.index.task.SearchUpdateTask - Completed update of search index for repo lab5-private-hub
2026-02-16 19:27:45,790+0000 INFO  [quartz-12-thread-1]  *TASK org.sonatype.nexus.repository.internal.search.index.task.SearchUpdateTask - Task complete
