2026-02-16 19:32:28,720+0000 INFO  [quartz-12-thread-1]  *TASK org.sonatype.nexus.repository.internal.search.index.task.SearchUpdateTask - Task information:
2026-02-16 19:32:28,747+0000 INFO  [quartz-12-thread-1]  *TASK org.sonatype.nexus.repository.internal.search.index.task.SearchUpdateTask -  ID: 9239e872-f745-4298-912a-0233160a8c77
2026-02-16 19:32:28,749+0000 INFO  [quartz-12-thread-1]  *TASK org.sonatype.nexus.repository.internal.search.index.task.SearchUpdateTask -  Type: repository.search.update
2026-02-16 19:32:28,752+0000 INFO  [quartz-12-thread-1]  *TASK org.sonatype.nexus.repository.internal.search.index.task.SearchUpdateTask -  Name: Update repository indexes - (maven-snapshots,maven-central,maven-releases,nuget.org-proxy,nuget-hosted,lab5-private-hub)
2026-02-16 19:32:28,754+0000 INFO  [quartz-12-thread-1]  *TASK org.sonatype.nexus.repository.internal.search.index.task.SearchUpdateTask -  Description: Updating search indexes of maven-snapshots,maven-central,maven-releases,nuget.org-proxy,nuget-hosted,lab5-private-hub
2026-02-16 19:32:28,765+0000 INFO  [quartz-12-thread-1]  *TASK org.sonatype.nexus.repository.internal.search.index.task.SearchUpdateTask - Task configuration: {.updated=2026-02-16T19:32:28.346Z, .name=Update repository indexes - (maven-snapshots,maven-central,maven-releases,nuget.org-proxy,nuget-hosted,lab5-private-hub), .recoverable=false, repositoryNames=maven-snapshots,maven-central,maven-releases,nuget.org-proxy,nuget-hosted,lab5-private-hub, .message=Updating search indexes of maven-snapshots,maven-central,maven-releases,nuget.org-proxy,nuget-hosted,lab5-private-hub, .id=9239e872-f745-4298-912a-0233160a8c77, .typeName=Update repository search indexes, .visible=false, .typeId=repository.search.update, .exposed=false, .created=2026-02-16T19:32:28.346Z}
2026-02-16 19:32:28,791+0000 INFO  [quartz-12-thread-1]  *TASK org.sonatype.nexus.repository.internal.search.index.task.SearchUpdateTask - Updating search index for repo maven-snapshots
2026-02-16 19:32:28,793+0000 INFO  [quartz-12-thread-1]  *TASK org.sonatype.nexus.repository.search.sql.index.SqlSearchFacetImpl - Starting regenerate the search data for the maven2 repository: maven-snapshots
2026-02-16 19:32:28,795+0000 INFO  [quartz-12-thread-1]  *TASK org.sonatype.nexus.repository.search.sql.index.SqlSearchFacetImpl - Processing the maven2 repository: maven-snapshots
2026-02-16 19:32:28,834+0000 INFO  [quartz-12-thread-1]  *TASK org.sonatype.nexus.repository.search.sql.index.SqlSearchFacetImpl - Finish regenerating the search data for the maven2 repository: maven-snapshots
2026-02-16 19:32:28,849+0000 INFO  [quartz-12-thread-1]  *TASK org.sonatype.nexus.repository.internal.search.index.task.SearchUpdateTask - Completed update of search index for repo maven-snapshots
2026-02-16 19:32:28,851+0000 INFO  [quartz-12-thread-1]  *TASK org.sonatype.nexus.repository.internal.search.index.task.SearchUpdateTask - Updating search index for repo maven-central
2026-02-16 19:32:28,853+0000 INFO  [quartz-12-thread-1]  *TASK org.sonatype.nexus.repository.search.sql.index.SqlSearchFacetImpl - Starting regenerate the search data for the maven2 repository: maven-central
2026-02-16 19:32:28,855+0000 INFO  [quartz-12-thread-1]  *TASK org.sonatype.nexus.repository.search.sql.index.SqlSearchFacetImpl - Processing the maven2 repository: maven-central
2026-02-16 19:32:28,861+0000 INFO  [quartz-12-thread-1]  *TASK org.sonatype.nexus.repository.search.sql.index.SqlSearchFacetImpl - Finish regenerating the search data for the maven2 repository: maven-central
2026-02-16 19:32:28,867+0000 INFO  [quartz-12-thread-1]  *TASK org.sonatype.nexus.repository.internal.search.index.task.SearchUpdateTask - Completed update of search index for repo maven-central
2026-02-16 19:32:28,868+0000 INFO  [quartz-12-thread-1]  *TASK org.sonatype.nexus.repository.internal.search.index.task.SearchUpdateTask - Updating search index for repo maven-releases
2026-02-16 19:32:28,870+0000 INFO  [quartz-12-thread-1]  *TASK org.sonatype.nexus.repository.search.sql.index.SqlSearchFacetImpl - Starting regenerate the search data for the maven2 repository: maven-releases
2026-02-16 19:32:28,872+0000 INFO  [quartz-12-thread-1]  *TASK org.sonatype.nexus.repository.search.sql.index.SqlSearchFacetImpl - Processing the maven2 repository: maven-releases
2026-02-16 19:32:28,876+0000 INFO  [quartz-12-thread-1]  *TASK org.sonatype.nexus.repository.search.sql.index.SqlSearchFacetImpl - Finish regenerating the search data for the maven2 repository: maven-releases
2026-02-16 19:32:28,882+0000 INFO  [quartz-12-thread-1]  *TASK org.sonatype.nexus.repository.internal.search.index.task.SearchUpdateTask - Completed update of search index for repo maven-releases
2026-02-16 19:32:28,883+0000 INFO  [quartz-12-thread-1]  *TASK org.sonatype.nexus.repository.internal.search.index.task.SearchUpdateTask - Updating search index for repo nuget.org-proxy
2026-02-16 19:32:28,885+0000 INFO  [quartz-12-thread-1]  *TASK org.sonatype.nexus.repository.search.sql.index.SqlSearchFacetImpl - Starting regenerate the search data for the nuget repository: nuget.org-proxy
2026-02-16 19:32:28,888+0000 INFO  [quartz-12-thread-1]  *TASK org.sonatype.nexus.repository.search.sql.index.SqlSearchFacetImpl - Processing the nuget repository: nuget.org-proxy
2026-02-16 19:32:28,894+0000 INFO  [quartz-12-thread-1]  *TASK org.sonatype.nexus.repository.search.sql.index.SqlSearchFacetImpl - Finish regenerating the search data for the nuget repository: nuget.org-proxy
2026-02-16 19:32:28,900+0000 INFO  [quartz-12-thread-1]  *TASK org.sonatype.nexus.repository.internal.search.index.task.SearchUpdateTask - Completed update of search index for repo nuget.org-proxy
2026-02-16 19:32:28,903+0000 INFO  [quartz-12-thread-1]  *TASK org.sonatype.nexus.repository.internal.search.index.task.SearchUpdateTask - Updating search index for repo nuget-hosted
2026-02-16 19:32:28,904+0000 INFO  [quartz-12-thread-1]  *TASK org.sonatype.nexus.repository.search.sql.index.SqlSearchFacetImpl - Starting regenerate the search data for the nuget repository: nuget-hosted
2026-02-16 19:32:28,906+0000 INFO  [quartz-12-thread-1]  *TASK org.sonatype.nexus.repository.search.sql.index.SqlSearchFacetImpl - Processing the nuget repository: nuget-hosted
2026-02-16 19:32:28,912+0000 INFO  [quartz-12-thread-1]  *TASK org.sonatype.nexus.repository.search.sql.index.SqlSearchFacetImpl - Finish regenerating the search data for the nuget repository: nuget-hosted
2026-02-16 19:32:28,916+0000 INFO  [quartz-12-thread-1]  *TASK org.sonatype.nexus.repository.internal.search.index.task.SearchUpdateTask - Completed update of search index for repo nuget-hosted
2026-02-16 19:32:28,917+0000 INFO  [quartz-12-thread-1]  *TASK org.sonatype.nexus.repository.internal.search.index.task.SearchUpdateTask - Updating search index for repo lab5-private-hub
2026-02-16 19:32:28,919+0000 INFO  [quartz-12-thread-1]  *TASK org.sonatype.nexus.repository.search.sql.index.SqlSearchFacetImpl - Starting regenerate the search data for the docker repository: lab5-private-hub
2026-02-16 19:32:28,921+0000 INFO  [quartz-12-thread-1]  *TASK org.sonatype.nexus.repository.search.sql.index.SqlSearchFacetImpl - Processing the docker repository: lab5-private-hub
2026-02-16 19:32:28,928+0000 INFO  [quartz-12-thread-1]  *TASK org.sonatype.nexus.repository.search.sql.index.SqlSearchFacetImpl - Finish regenerating the search data for the docker repository: lab5-private-hub
2026-02-16 19:32:28,933+0000 INFO  [quartz-12-thread-1]  *TASK org.sonatype.nexus.repository.internal.search.index.task.SearchUpdateTask - Completed update of search index for repo lab5-private-hub
2026-02-16 19:32:28,935+0000 INFO  [quartz-12-thread-1]  *TASK org.sonatype.nexus.repository.internal.search.index.task.SearchUpdateTask - Task complete
