2026-02-16 19:19:18,642+0000 INFO  [quartz-12-thread-1]  *TASK org.sonatype.nexus.repository.internal.search.index.task.SearchUpdateTask - Task information:
2026-02-16 19:19:18,659+0000 INFO  [quartz-12-thread-1]  *TASK org.sonatype.nexus.repository.internal.search.index.task.SearchUpdateTask -  ID: 80f4dc8f-7a2e-4334-991b-e8cc875a3ec8
2026-02-16 19:19:18,660+0000 INFO  [quartz-12-thread-1]  *TASK org.sonatype.nexus.repository.internal.search.index.task.SearchUpdateTask -  Type: repository.search.update
2026-02-16 19:19:18,662+0000 INFO  [quartz-12-thread-1]  *TASK org.sonatype.nexus.repository.internal.search.index.task.SearchUpdateTask -  Name: Update repository indexes - (maven-snapshots,maven-central,maven-releases,nuget.org-proxy,nuget-hosted,lab5-private-hub)
2026-02-16 19:19:18,663+0000 INFO  [quartz-12-thread-1]  *TASK org.sonatype.nexus.repository.internal.search.index.task.SearchUpdateTask -  Description: Updating search indexes of maven-snapshots,maven-central,maven-releases,nuget.org-proxy,nuget-hosted,lab5-private-hub
2026-02-16 19:19:18,664+0000 INFO  [quartz-12-thread-1]  *TASK org.sonatype.nexus.repository.internal.search.index.task.SearchUpdateTask - Task configuration: {.updated=2026-02-16T19:19:18.361Z, .name=Update repository indexes - (maven-snapshots,maven-central,maven-releases,nuget.org-proxy,nuget-hosted,lab5-private-hub), .recoverable=false, repositoryNames=maven-snapshots,maven-central,maven-releases,nuget.org-proxy,nuget-hosted,lab5-private-hub, .message=Updating search indexes of maven-snapshots,maven-central,maven-releases,nuget.org-proxy,nuget-hosted,lab5-private-hub, .id=80f4dc8f-7a2e-4334-991b-e8cc875a3ec8, .typeName=Update repository search indexes, .visible=false, .typeId=repository.search.update, .exposed=false, .created=2026-02-16T19:19:18.361Z}
2026-02-16 19:19:18,677+0000 INFO  [quartz-12-thread-1]  *TASK org.sonatype.nexus.repository.internal.search.index.task.SearchUpdateTask - Updating search index for repo maven-snapshots
2026-02-16 19:19:18,678+0000 INFO  [quartz-12-thread-1]  *TASK org.sonatype.nexus.repository.search.sql.index.SqlSearchFacetImpl - Starting regenerate the search data for the maven2 repository: maven-snapshots
2026-02-16 19:19:18,680+0000 INFO  [quartz-12-thread-1]  *TASK org.sonatype.nexus.repository.search.sql.index.SqlSearchFacetImpl - Processing the maven2 repository: maven-snapshots
2026-02-16 19:19:18,705+0000 INFO  [quartz-12-thread-1]  *TASK org.sonatype.nexus.repository.search.sql.index.SqlSearchFacetImpl - Finish regenerating the search data for the maven2 repository: maven-snapshots
2026-02-16 19:19:18,718+0000 INFO  [quartz-12-thread-1]  *TASK org.sonatype.nexus.repository.internal.search.index.task.SearchUpdateTask - Completed update of search index for repo maven-snapshots
2026-02-16 19:19:18,720+0000 INFO  [quartz-12-thread-1]  *TASK org.sonatype.nexus.repository.internal.search.index.task.SearchUpdateTask - Updating search index for repo maven-central
2026-02-16 19:19:18,722+0000 INFO  [quartz-12-thread-1]  *TASK org.sonatype.nexus.repository.search.sql.index.SqlSearchFacetImpl - Starting regenerate the search data for the maven2 repository: maven-central
2026-02-16 19:19:18,723+0000 INFO  [quartz-12-thread-1]  *TASK org.sonatype.nexus.repository.search.sql.index.SqlSearchFacetImpl - Processing the maven2 repository: maven-central
2026-02-16 19:19:18,726+0000 INFO  [quartz-12-thread-1]  *TASK org.sonatype.nexus.repository.search.sql.index.SqlSearchFacetImpl - Finish regenerating the search data for the maven2 repository: maven-central
2026-02-16 19:19:18,729+0000 INFO  [quartz-12-thread-1]  *TASK org.sonatype.nexus.repository.internal.search.index.task.SearchUpdateTask - Completed update of search index for repo maven-central
2026-02-16 19:19:18,730+0000 INFO  [quartz-12-thread-1]  *TASK org.sonatype.nexus.repository.internal.search.index.task.SearchUpdateTask - Updating search index for repo maven-releases
2026-02-16 19:19:18,731+0000 INFO  [quartz-12-thread-1]  *TASK org.sonatype.nexus.repository.search.sql.index.SqlSearchFacetImpl - Starting regenerate the search data for the maven2 repository: maven-releases
2026-02-16 19:19:18,732+0000 INFO  [quartz-12-thread-1]  *TASK org.sonatype.nexus.repository.search.sql.index.SqlSearchFacetImpl - Processing the maven2 repository: maven-releases
2026-02-16 19:19:18,736+0000 INFO  [quartz-12-thread-1]  *TASK org.sonatype.nexus.repository.search.sql.index.SqlSearchFacetImpl - Finish regenerating the search data for the maven2 repository: maven-releases
2026-02-16 19:19:18,740+0000 INFO  [quartz-12-thread-1]  *TASK org.sonatype.nexus.repository.internal.search.index.task.SearchUpdateTask - Completed update of search index for repo maven-releases
2026-02-16 19:19:18,741+0000 INFO  [quartz-12-thread-1]  *TASK org.sonatype.nexus.repository.internal.search.index.task.SearchUpdateTask - Updating search index for repo nuget.org-proxy
2026-02-16 19:19:18,743+0000 INFO  [quartz-12-thread-1]  *TASK org.sonatype.nexus.repository.search.sql.index.SqlSearchFacetImpl - Starting regenerate the search data for the nuget repository: nuget.org-proxy
2026-02-16 19:19:18,745+0000 INFO  [quartz-12-thread-1]  *TASK org.sonatype.nexus.repository.search.sql.index.SqlSearchFacetImpl - Processing the nuget repository: nuget.org-proxy
2026-02-16 19:19:18,749+0000 INFO  [quartz-12-thread-1]  *TASK org.sonatype.nexus.repository.search.sql.index.SqlSearchFacetImpl - Finish regenerating the search data for the nuget repository: nuget.org-proxy
2026-02-16 19:19:18,753+0000 INFO  [quartz-12-thread-1]  *TASK org.sonatype.nexus.repository.internal.search.index.task.SearchUpdateTask - Completed update of search index for repo nuget.org-proxy
2026-02-16 19:19:18,755+0000 INFO  [quartz-12-thread-1]  *TASK org.sonatype.nexus.repository.internal.search.index.task.SearchUpdateTask - Updating search index for repo nuget-hosted
2026-02-16 19:19:18,756+0000 INFO  [quartz-12-thread-1]  *TASK org.sonatype.nexus.repository.search.sql.index.SqlSearchFacetImpl - Starting regenerate the search data for the nuget repository: nuget-hosted
2026-02-16 19:19:18,757+0000 INFO  [quartz-12-thread-1]  *TASK org.sonatype.nexus.repository.search.sql.index.SqlSearchFacetImpl - Processing the nuget repository: nuget-hosted
2026-02-16 19:19:18,761+0000 INFO  [quartz-12-thread-1]  *TASK org.sonatype.nexus.repository.search.sql.index.SqlSearchFacetImpl - Finish regenerating the search data for the nuget repository: nuget-hosted
2026-02-16 19:19:18,767+0000 INFO  [quartz-12-thread-1]  *TASK org.sonatype.nexus.repository.internal.search.index.task.SearchUpdateTask - Completed update of search index for repo nuget-hosted
2026-02-16 19:19:18,769+0000 INFO  [quartz-12-thread-1]  *TASK org.sonatype.nexus.repository.internal.search.index.task.SearchUpdateTask - Updating search index for repo lab5-private-hub
2026-02-16 19:19:18,771+0000 INFO  [quartz-12-thread-1]  *TASK org.sonatype.nexus.repository.search.sql.index.SqlSearchFacetImpl - Starting regenerate the search data for the docker repository: lab5-private-hub
2026-02-16 19:19:18,773+0000 INFO  [quartz-12-thread-1]  *TASK org.sonatype.nexus.repository.search.sql.index.SqlSearchFacetImpl - Processing the docker repository: lab5-private-hub
2026-02-16 19:19:18,777+0000 INFO  [quartz-12-thread-1]  *TASK org.sonatype.nexus.repository.search.sql.index.SqlSearchFacetImpl - Finish regenerating the search data for the docker repository: lab5-private-hub
2026-02-16 19:19:18,782+0000 INFO  [quartz-12-thread-1]  *TASK org.sonatype.nexus.repository.internal.search.index.task.SearchUpdateTask - Completed update of search index for repo lab5-private-hub
2026-02-16 19:19:18,784+0000 INFO  [quartz-12-thread-1]  *TASK org.sonatype.nexus.repository.internal.search.index.task.SearchUpdateTask - Task complete
