2026-02-16 18:10:45,901+0000 INFO  [quartz-12-thread-6]  *TASK org.sonatype.nexus.repository.content.tasks.CreateAssetBlobIndexTask - Task information:
2026-02-16 18:10:45,915+0000 INFO  [quartz-12-thread-6]  *TASK org.sonatype.nexus.repository.content.tasks.CreateAssetBlobIndexTask -  ID: ca8ced62-bab6-428e-9418-b5edc43ad8bd
2026-02-16 18:10:45,916+0000 INFO  [quartz-12-thread-6]  *TASK org.sonatype.nexus.repository.content.tasks.CreateAssetBlobIndexTask -  Type: repository.asset.blob.index.migration
2026-02-16 18:10:45,920+0000 INFO  [quartz-12-thread-6]  *TASK org.sonatype.nexus.repository.content.tasks.CreateAssetBlobIndexTask -  Name: Create asset blob index for blob_created and asset_blob_id
2026-02-16 18:10:45,922+0000 INFO  [quartz-12-thread-6]  *TASK org.sonatype.nexus.repository.content.tasks.CreateAssetBlobIndexTask -  Description: Creating asset blob indexes for blob_created and asset_blob_id
2026-02-16 18:10:45,923+0000 INFO  [quartz-12-thread-6]  *TASK org.sonatype.nexus.repository.content.tasks.CreateAssetBlobIndexTask - Task configuration: {.updated=2026-02-16T18:10:45.871Z, .name=Create asset blob index for blob_created and asset_blob_id, .recoverable=true, .message=Creating asset blob indexes for blob_created and asset_blob_id, .id=ca8ced62-bab6-428e-9418-b5edc43ad8bd, .typeName=Create asset blob index for blob_created and asset_blob_id, .visible=true, .typeId=repository.asset.blob.index.migration, .exposed=false, .created=2026-02-16T18:10:45.871Z}
2026-02-16 18:10:45,932+0000 INFO  [quartz-12-thread-6]  *TASK org.sonatype.nexus.repository.content.tasks.CreateAssetBlobIndexTask - Created index idx_apt_asset_blob_blob_created_asset_id on table apt_asset_blob
2026-02-16 18:10:45,937+0000 INFO  [quartz-12-thread-6]  *TASK org.sonatype.nexus.repository.content.tasks.CreateAssetBlobIndexTask - Created index idx_maven2_asset_blob_blob_created_asset_id on table maven2_asset_blob
2026-02-16 18:10:45,943+0000 INFO  [quartz-12-thread-6]  *TASK org.sonatype.nexus.repository.content.tasks.CreateAssetBlobIndexTask - Created index idx_raw_asset_blob_blob_created_asset_id on table raw_asset_blob
2026-02-16 18:10:45,949+0000 INFO  [quartz-12-thread-6]  *TASK org.sonatype.nexus.repository.content.tasks.CreateAssetBlobIndexTask - Created index idx_docker_asset_blob_blob_created_asset_id on table docker_asset_blob
2026-02-16 18:10:45,955+0000 INFO  [quartz-12-thread-6]  *TASK org.sonatype.nexus.repository.content.tasks.CreateAssetBlobIndexTask - Created index idx_gitlfs_asset_blob_blob_created_asset_id on table gitlfs_asset_blob
2026-02-16 18:10:45,959+0000 INFO  [quartz-12-thread-6]  *TASK org.sonatype.nexus.repository.content.tasks.CreateAssetBlobIndexTask - Created index idx_rubygems_asset_blob_blob_created_asset_id on table rubygems_asset_blob
2026-02-16 18:10:45,965+0000 INFO  [quartz-12-thread-6]  *TASK org.sonatype.nexus.repository.content.tasks.CreateAssetBlobIndexTask - Created index idx_yum_asset_blob_blob_created_asset_id on table yum_asset_blob
2026-02-16 18:10:45,973+0000 INFO  [quartz-12-thread-6]  *TASK org.sonatype.nexus.repository.content.tasks.CreateAssetBlobIndexTask - Created index idx_cargo_asset_blob_blob_created_asset_id on table cargo_asset_blob
2026-02-16 18:10:45,979+0000 INFO  [quartz-12-thread-6]  *TASK org.sonatype.nexus.repository.content.tasks.CreateAssetBlobIndexTask - Created index idx_cocoapods_asset_blob_blob_created_asset_id on table cocoapods_asset_blob
2026-02-16 18:10:45,984+0000 INFO  [quartz-12-thread-6]  *TASK org.sonatype.nexus.repository.content.tasks.CreateAssetBlobIndexTask - Created index idx_composer_asset_blob_blob_created_asset_id on table composer_asset_blob
2026-02-16 18:10:45,988+0000 INFO  [quartz-12-thread-6]  *TASK org.sonatype.nexus.repository.content.tasks.CreateAssetBlobIndexTask - Created index idx_conan_asset_blob_blob_created_asset_id on table conan_asset_blob
2026-02-16 18:10:45,993+0000 INFO  [quartz-12-thread-6]  *TASK org.sonatype.nexus.repository.content.tasks.CreateAssetBlobIndexTask - Created index idx_conda_asset_blob_blob_created_asset_id on table conda_asset_blob
2026-02-16 18:10:45,997+0000 INFO  [quartz-12-thread-6]  *TASK org.sonatype.nexus.repository.content.tasks.CreateAssetBlobIndexTask - Created index idx_go_asset_blob_blob_created_asset_id on table go_asset_blob
2026-02-16 18:10:46,002+0000 INFO  [quartz-12-thread-6]  *TASK org.sonatype.nexus.repository.content.tasks.CreateAssetBlobIndexTask - Created index idx_helm_asset_blob_blob_created_asset_id on table helm_asset_blob
2026-02-16 18:10:46,008+0000 INFO  [quartz-12-thread-6]  *TASK org.sonatype.nexus.repository.content.tasks.CreateAssetBlobIndexTask - Created index idx_huggingface_asset_blob_blob_created_asset_id on table huggingface_asset_blob
2026-02-16 18:10:46,013+0000 INFO  [quartz-12-thread-6]  *TASK org.sonatype.nexus.repository.content.tasks.CreateAssetBlobIndexTask - Created index idx_npm_asset_blob_blob_created_asset_id on table npm_asset_blob
2026-02-16 18:10:46,016+0000 INFO  [quartz-12-thread-6]  *TASK org.sonatype.nexus.repository.content.tasks.CreateAssetBlobIndexTask - Created index idx_nuget_asset_blob_blob_created_asset_id on table nuget_asset_blob
2026-02-16 18:10:46,020+0000 INFO  [quartz-12-thread-6]  *TASK org.sonatype.nexus.repository.content.tasks.CreateAssetBlobIndexTask - Created index idx_p2_asset_blob_blob_created_asset_id on table p2_asset_blob
2026-02-16 18:10:46,025+0000 INFO  [quartz-12-thread-6]  *TASK org.sonatype.nexus.repository.content.tasks.CreateAssetBlobIndexTask - Created index idx_pypi_asset_blob_blob_created_asset_id on table pypi_asset_blob
2026-02-16 18:10:46,030+0000 INFO  [quartz-12-thread-6]  *TASK org.sonatype.nexus.repository.content.tasks.CreateAssetBlobIndexTask - Created index idx_r_asset_blob_blob_created_asset_id on table r_asset_blob
2026-02-16 18:10:46,035+0000 INFO  [quartz-12-thread-6]  *TASK org.sonatype.nexus.repository.content.tasks.CreateAssetBlobIndexTask - Created index idx_swift_asset_blob_blob_created_asset_id on table swift_asset_blob
2026-02-16 18:10:46,040+0000 INFO  [quartz-12-thread-6]  *TASK org.sonatype.nexus.repository.content.tasks.CreateAssetBlobIndexTask - Created index idx_terraform_asset_blob_blob_created_asset_id on table terraform_asset_blob
2026-02-16 18:10:46,041+0000 INFO  [quartz-12-thread-6]  *TASK org.sonatype.nexus.repository.content.tasks.CreateAssetBlobIndexTask - Created 22 asset blob indexes
2026-02-16 18:10:46,043+0000 INFO  [quartz-12-thread-6]  *TASK org.sonatype.nexus.repository.content.tasks.CreateAssetBlobIndexTask - Task complete
